android/app/build/intermediates/manifest_merge_blame_file/release/manifest-merger-blame-release-report.txt
1<?xml version="1.0" encoding="utf-8"?>
2<manifest xmlns:android="http://schemas.android.com/apk/res/android"
3    package="com.scalerich1"
4    android:versionCode="11"
5    android:versionName="1.7" >
6
7    <uses-sdk
8        android:minSdkVersion="21"
8-->src/main/AndroidManifest.xml
9        android:targetSdkVersion="31" />
9-->src/main/AndroidManifest.xml
10
11    <uses-permission android:name="android.permission.INTERNET" />
11-->src/main/AndroidManifest.xml:4:5-67
11-->src/main/AndroidManifest.xml:4:22-64
12    <uses-permission android:name="android.permission.CAMERA" />
12-->src/main/AndroidManifest.xml:5:1-60
12-->src/main/AndroidManifest.xml:5:18-58
13
14    <uses-feature
14-->src/main/AndroidManifest.xml:6:1-81
15        android:name="android.hardware.camera"
15-->src/main/AndroidManifest.xml:6:15-53
16        android:required="false" />
16-->src/main/AndroidManifest.xml:6:54-78
17    <uses-feature
17-->src/main/AndroidManifest.xml:7:1-87
18        android:name="android.hardware.camera.front"
18-->src/main/AndroidManifest.xml:7:15-59
19        android:required="false" />
19-->src/main/AndroidManifest.xml:7:60-84
20
21    <queries>
21-->[:react-native-image-crop-picker] AndroidManifest.xml:9:5-13:15
22        <intent>
22-->[:react-native-image-crop-picker] AndroidManifest.xml:10:9-12:18
23            <action android:name="android.media.action.IMAGE_CAPTURE" />
23-->[:react-native-image-crop-picker] AndroidManifest.xml:11:13-73
23-->[:react-native-image-crop-picker] AndroidManifest.xml:11:21-70
24        </intent>
25    </queries>
26
27    <uses-permission android:name="android.permission.WRITE_EXTERNAL_STORAGE" />
27-->[:react-native-image-crop-picker] AndroidManifest.xml:15:5-81
27-->[:react-native-image-crop-picker] AndroidManifest.xml:15:22-78
28
29    <application
29-->src/main/AndroidManifest.xml:8:5-27:19
30        android:name="com.scalerich1.MainApplication"
30-->src/main/AndroidManifest.xml:9:7-38
31        android:allowBackup="false"
31-->src/main/AndroidManifest.xml:13:7-34
32        android:appComponentFactory="androidx.core.app.CoreComponentFactory"
32-->[androidx.core:core:1.7.0] AndroidManifest.xml:24:18-86
33        android:icon="@mipmap/ic_launcher"
33-->src/main/AndroidManifest.xml:11:7-41
34        android:label="@string/app_name"
34-->src/main/AndroidManifest.xml:10:7-39
35        android:roundIcon="@mipmap/ic_launcher_round"
35-->src/main/AndroidManifest.xml:12:7-52
36        android:theme="@style/AppTheme" >
36-->src/main/AndroidManifest.xml:14:7-38
37        <activity
37-->src/main/AndroidManifest.xml:15:7-26:18
38            android:name="com.scalerich1.MainActivity"
38-->src/main/AndroidManifest.xml:16:9-37
39            android:configChanges="keyboard|keyboardHidden|orientation|screenLayout|screenSize|smallestScreenSize|uiMode"
39-->src/main/AndroidManifest.xml:18:9-118
40            android:exported="true"
40-->src/main/AndroidManifest.xml:21:9-32
41            android:label="@string/app_name"
41-->src/main/AndroidManifest.xml:17:9-41
42            android:launchMode="singleTask"
42-->src/main/AndroidManifest.xml:19:9-40
43            android:windowSoftInputMode="adjustResize" >
43-->src/main/AndroidManifest.xml:20:9-51
44            <intent-filter>
44-->src/main/AndroidManifest.xml:22:9-25:25
45                <action android:name="android.intent.action.MAIN" />
45-->src/main/AndroidManifest.xml:23:13-65
45-->src/main/AndroidManifest.xml:23:21-62
46
47                <category android:name="android.intent.category.LAUNCHER" />
47-->src/main/AndroidManifest.xml:24:13-73
47-->src/main/AndroidManifest.xml:24:23-70
48            </intent-filter>
49        </activity>
50
51        <provider
51-->[:react-native-image-crop-picker] AndroidManifest.xml:18:9-26:20
52            android:name="com.reactnative.ivpusic.imagepicker.IvpusicImagePickerFileProvider"
52-->[:react-native-image-crop-picker] AndroidManifest.xml:19:13-94
53            android:authorities="com.scalerich1.provider"
53-->[:react-native-image-crop-picker] AndroidManifest.xml:20:13-60
54            android:exported="false"
54-->[:react-native-image-crop-picker] AndroidManifest.xml:21:13-37
55            android:grantUriPermissions="true" >
55-->[:react-native-image-crop-picker] AndroidManifest.xml:22:13-47
56            <meta-data
56-->[:react-native-image-crop-picker] AndroidManifest.xml:23:13-25:78
57                android:name="android.support.FILE_PROVIDER_PATHS"
57-->[:react-native-image-crop-picker] AndroidManifest.xml:24:17-67
58                android:resource="@xml/ivpusic_imagepicker_provider_paths" />
58-->[:react-native-image-crop-picker] AndroidManifest.xml:25:17-75
59        </provider>
60
61        <activity
61-->[:react-native-image-crop-picker] AndroidManifest.xml:28:9-30:72
62            android:name="com.yalantis.ucrop.UCropActivity"
62-->[:react-native-image-crop-picker] AndroidManifest.xml:29:13-60
63            android:theme="@style/Theme.AppCompat.Light.NoActionBar" />
63-->[:react-native-image-crop-picker] AndroidManifest.xml:30:13-69
64
65        <provider
65-->[androidx.emoji2:emoji2:1.0.0] AndroidManifest.xml:26:9-34:20
66            android:name="androidx.startup.InitializationProvider"
66-->[androidx.emoji2:emoji2:1.0.0] AndroidManifest.xml:27:13-67
67            android:authorities="com.scalerich1.androidx-startup"
67-->[androidx.emoji2:emoji2:1.0.0] AndroidManifest.xml:28:13-68
68            android:exported="false" >
68-->[androidx.emoji2:emoji2:1.0.0] AndroidManifest.xml:29:13-37
69            <meta-data
69-->[androidx.emoji2:emoji2:1.0.0] AndroidManifest.xml:31:13-33:52
70                android:name="androidx.emoji2.text.EmojiCompatInitializer"
70-->[androidx.emoji2:emoji2:1.0.0] AndroidManifest.xml:32:17-75
71                android:value="androidx.startup" />
71-->[androidx.emoji2:emoji2:1.0.0] AndroidManifest.xml:33:17-49
72            <meta-data
72-->[androidx.lifecycle:lifecycle-process:2.4.0] AndroidManifest.xml:31:13-33:52
73                android:name="androidx.lifecycle.ProcessLifecycleInitializer"
73-->[androidx.lifecycle:lifecycle-process:2.4.0] AndroidManifest.xml:32:17-78
74                android:value="androidx.startup" />
74-->[androidx.lifecycle:lifecycle-process:2.4.0] AndroidManifest.xml:33:17-49
75        </provider>
76    </application>
77
78</manifest>